Day7-8/Week 2/aad-3-assignment-1/app/build/intermediates/manifest_merge_blame_file/debug/manifest-merger-blame-debug-report.txt
1<?xml version="1.0" encoding="utf-8"?>
2<manifest xmlns:android="http://schemas.android.com/apk/res/android"
3    package="vandy.mooc.aad_3_assignment_1"
4    android:versionCode="1"
5    android:versionName="1.0" >
6
7    <uses-sdk
8        android:minSdkVersion="23"
8-->src\main\AndroidManifest.xml
9        android:targetSdkVersion="30" />
9-->src\main\AndroidManifest.xml
10
11    <!-- SyncAdapters are available in API 5 and above. We use API 7 as a baseline for samples. -->
12    <!-- Min/target SDK versions (<uses-sdk>) managed by build.gradle -->
13
14
15    <!-- Required for fetching feed data. -->
16    <uses-permission android:name="android.permission.INTERNET" />
16-->src\main\AndroidManifest.xml:11:5-67
16-->src\main\AndroidManifest.xml:11:22-64
17    <!-- Required to register a SyncStatusObserver to display a "syncing..." progress indicator. -->
18    <uses-permission android:name="android.permission.READ_SYNC_STATS" />
18-->src\main\AndroidManifest.xml:13:5-74
18-->src\main\AndroidManifest.xml:13:22-71
19    <!-- Required to enable our SyncAdapter after it's created. -->
20    <uses-permission android:name="android.permission.WRITE_SYNC_SETTINGS" />
20-->src\main\AndroidManifest.xml:15:5-78
20-->src\main\AndroidManifest.xml:15:22-75
21    <!-- Required because we're manually creating a new account. -->
22    <uses-permission android:name="android.permission.AUTHENTICATE_ACCOUNTS" />
22-->src\main\AndroidManifest.xml:17:5-80
22-->src\main\AndroidManifest.xml:17:22-77
23
24    <application
24-->src\main\AndroidManifest.xml:19:5-41:19
25        android:allowBackup="true"
25-->src\main\AndroidManifest.xml:20:9-35
26        android:appComponentFactory="androidx.core.app.CoreComponentFactory"
26-->[androidx.core:core:1.1.0] AndroidManifest.xml:24:18-86
27        android:debuggable="true"
28        android:extractNativeLibs="false"
29        android:fullBackupContent="@xml/my_backup_rules"
29-->src\main\AndroidManifest.xml:21:9-57
30        android:icon="@mipmap/ic_launcher"
30-->src\main\AndroidManifest.xml:22:9-43
31        android:label="@string/app_name"
31-->src\main\AndroidManifest.xml:23:9-41
32        android:supportsRtl="true"
32-->src\main\AndroidManifest.xml:24:9-35
33        android:testOnly="true"
34        android:theme="@style/AppTheme" >
34-->src\main\AndroidManifest.xml:25:9-40
35
36        <!-- Main activity, responsible for showing a list of feed entries. -->
37        <activity
37-->src\main\AndroidManifest.xml:29:9-36:20
38            android:name="edu.vandy.mooc.aad3.assignment.activities.MainActivity"
38-->src\main\AndroidManifest.xml:30:13-82
39            android:label="@string/app_name" >
39-->src\main\AndroidManifest.xml:31:13-45
40            <intent-filter>
40-->src\main\AndroidManifest.xml:32:13-35:29
41                <action android:name="android.intent.action.MAIN" />
41-->src\main\AndroidManifest.xml:33:17-69
41-->src\main\AndroidManifest.xml:33:25-66
42
43                <category android:name="android.intent.category.LAUNCHER" />
43-->src\main\AndroidManifest.xml:34:17-77
43-->src\main\AndroidManifest.xml:34:27-74
44            </intent-filter>
45        </activity>
46
47        <!-- This is the service that downloads the feed data from YouTube. -->
48        <service android:name="edu.vandy.mooc.aad3.assignment.services.DownloadAtomFeedService" />
48-->src\main\AndroidManifest.xml:39:9-99
48-->src\main\AndroidManifest.xml:39:18-96
49    </application>
50
51</manifest>